<?xml version="1.0" encoding="UTF-8"?>
<!-- Generated by org.testng.reporters.JUnitXMLReporter -->
<testsuite ignored="0" hostname="DESKTOP-FQ7RTQQ" failures="0" tests="1" name="Test" time="9.607" errors="0" timestamp="2022-02-23T21:30:17 IST">
  <testcase classname="test.BaseTest" name="@BeforeTest invokeBrowser" time="9.26">
    <failure type="java.lang.IllegalStateException" message="The driver executable does not exist: C:\Users\Bharat\eclipse-workspace\WalletHub\.\chromedriver.exe">
      <![CDATA[java.lang.IllegalStateException: The driver executable does not exist: C:\Users\Bharat\eclipse-workspace\WalletHub\.\chromedriver.exe
at com.google.common.base.Preconditions.checkState(Preconditions.java:585)
at org.openqa.selenium.remote.service.DriverService.checkExecutable(DriverService.java:137)
at org.openqa.selenium.remote.service.DriverService.findExecutable(DriverService.java:132)
at org.openqa.selenium.chrome.ChromeDriverService.access$000(ChromeDriverService.java:35)
at org.openqa.selenium.chrome.ChromeDriverService$Builder.findDefaultExecutable(ChromeDriverService.java:156)
at org.openqa.selenium.remote.service.DriverService$Builder.build(DriverService.java:346)
at org.openqa.selenium.chrome.ChromeDriverService.createDefaultService(ChromeDriverService.java:91)
at org.openqa.selenium.chrome.ChromeDriver.<init>(ChromeDriver.java:123)
at test.BaseTest.invokeBrowser(BaseTest.java:38)
... Removed 24 stack frames]]>
    </failure>
  </testcase> <!-- @BeforeTest invokeBrowser -->
  <testcase classname="test.Demo" name="est1" time="0.0">
    <skipped/>
  </testcase> <!-- est1 -->
</testsuite> <!-- Test -->
